<?xml version="1.0" encoding="UTF-8"?>
<!-- Generated by org.testng.reporters.JUnitReportReporter -->
<testsuite skipped="0" hostname="GA-LAP" name="com.practice.BasicTestng" tests="3" failures="0" timestamp="26 Aug 2020 02:48:13 GMT" time="0.716" errors="0">
  <testcase name="t2" time="0.073" classname="com.practice.BasicTestng"/>
  <testcase name="t1" time="0.180" classname="com.practice.BasicTestng"/>
  <testcase name="t3" time="0.463" classname="com.practice.BasicTestng"/>
</testsuite> <!-- com.practice.BasicTestng -->
